<?xml version="1.0" encoding="UTF-8" standalone="no"?><testsuite errors="1" failures="0" name="Consulta el servicio de Pet" skipped="0" tests="1" time="101.22" timestamp="2025-12-19 10:38:48"><testcase name="Consulta todas las mascotas deacuerdo a un estado especifico"><error message="Failed to parse the JSON document" type="io.restassured.path.json.exception.JsonPathException">Failed to parse the JSON document</error><system-err>Failed to parse the JSON document
io.restassured.path.json.JsonPath.get(JsonPath.java:202)
io.restassured.path.json.JsonPath.getMap(JsonPath.java:420)
PetStore.BC.GetSpecification.prueba(GetSpecification.java:66)
stepdefinitions.PetApiActions.executeTestCases(PetApiActions.java:32)
stepdefinitions.SwaggerPetStepdefs.seEnvianLosParametrosRequeridos(SwaggerPetStepdefs.java:43)
worker.org.gradle.process.internal.worker.GradleWorkerMain.run(GradleWorkerMain.java:69)
worker.org.gradle.process.internal.worker.GradleWorkerMain.main(GradleWorkerMain.java:74)
</system-err></testcase></testsuite>